Cluster 0:
 > 1852 items in total
 > Ranks:
   > Top 1: Craig Thomas (screenwriter) (id: 1152, score: 0.008963044677330393)
   > Top 2: Diving, High diving, Competitive diving, Springboard and platform diving, Cliff-diving, Cliff diving, Competitive diver (id: 247, score: 0.008549365692222836)
   > Top 3: Grammy Award for Record of the Year, Record of the Year (Grammy), Record of the Year, Grammy Award for Record Of The Year (id: 578, score: 0.008273579702151132)
   > Top 4: Sweeney Todd: The Demon Barber of Fleet Street (2007 film), Sweeny Todd (2008 film), Sweeney Todd: The Demon Barber of Fleet Street Deluxe Complete Edition, Sweeney Todd Soundtrack, Sweeney Todd: The Demon Barber of Fleet Street (2008 film), Sweeney Todd: The Demon Barber Of Fleet Street Deluxe Complete Edition, Sweeney Todd (2007 film), Sweeney Todd: The Demon Barber of Fleet Street (The Motion Picture Soundtrack), Sweeney Todd (2008 film) (id: 357, score: 0.00758411472697187)
   > Top 5: Sean Penn, Sean Justin Penn, Sean penn, Sean Pen, Shon pan, Shon pen (id: 1027, score: 0.007515168229453945)
   > Top 6: Time Warner, Time Warner, Inc., AOL Time Warner, Inc., AOL Time Warner, Time Warner Incorporated, AOL-Time Warner, Warner Communications, Inc., Time Horner, AOL Time-Warner, Time Warner Inc, Timewarner, TimeWarner, Aoltw, Time Warner Entertainment, Warner Communications Inc., AOL Time Warner Inc., Time-Warner, Time Warner Inc. (id: 1697, score: 0.0073772752344180926)
   > Top 7: Sonic X, Cosmo the Seedrian, Nelson Thorndyke, List of characters in Sonic X, Bokkun, Cosmo (Sonic X), Mr. Tanaka, Dark Oak, List of characters from Sonic the Hedgehog (Sonic X), Nazo (Sonic the Hedgehog), Chuck Thorndyke, List of Sonic X characters, Cosmo (Sonic the Hedgehog), Chris Thorndyke, Scarlet Lucia, Sonic X Theme Music, Sonic X Generation, Agent Topaz, Sonic x, Metarex, Scarlet Garcia, The creation of Nazo and Silver the hedgehog, Christopher Thorndyke, Sonic Drive (song), Hertia, List of characters from Sonic X, Mr. Stewart, SonicX, Decoe and Bocoe, Edward Tanaka, Yellow Zelkova, Sam Speed, Sonic Drive, Topaz (Sonic X) (id: 300, score: 0.0073772752344180926)
   > Top 8: Ali (film), Ali (film, Ali (2001 movie), Ali (movie) (id: 1293, score: 0.007170435741864314)
   > Top 9: The Hunger Games (film project), The Hunger Games (film) (id: 629, score: 0.006963596249310536)
   > Top 10: Detroit, The 3-1-3, Detroit MI, Detroit Michigan, West Side Detroit, City of Detroit, UN/LOCODE:USDET, Detroit (MI), The Motor City, Demographics of Detriot, Detroit, MI, Detroit, mi, The motor city, City of Detroit, Michigan, Demographics of Detroit, East Side Detroit, Détroit, Michigan, Detroit automaker, Detroit (Mich.), Motown, Michigan, Detroiters, Détroit, The weather in Detroit, Detriot, Détroit, MI, Motor City, Detroit, USA, The 313, Motor city (id: 352, score: 0.006963596249310536)
Cluster 1:
 > 5522 items in total
 > Ranks:
   > Top 1: Saeed Jaffrey, Saeed Jaffery (id: 45, score: 0.2018753447324876)
   > Top 2: Avant-garde jazz, Avant-jazz (id: 51, score: 0.1783645890788748)
   > Top 3: Ukrainian language, Ukranian language, Ukrainska mova, Ukrainian word, Ukrainophone, Українська, Ukrainian-language, ISO 639:uk, Ukrainian (language), Ukrainophonic, Ukrainian Language, ISO 639:ukr, Ukrainska, Red Ruthenian language (id: 286, score: 0.15664644236072808)
   > Top 4: Bryan Singer, Bad Hat Harry Productions, Bad hat harry, Brian Singer (id: 12, score: 0.09183673469387756)
   > Top 5: Mighty Morphin Power Rangers, Mighty Morphin' Power Rangers, Power Morpher, Power Blaster, Mighty Morphin: Power Rangers, Power Coins, Rangers in reverse, Mighty Morphing, Power Coin, Return of an old Friend, Mighty Morphing Power Rangers, Dragon Dagger, Morphing Grid, It's Morphin Time, Mighty morphin (id: 2, score: 0.07639271924986211)
   > Top 6: Dallas Cowboys, Uniforms and logos of the Dallas Cowboys, Dallas cowboy, Dallas Cowboy, Logos and uniforms of the Dallas Cowboys, Dallas cowboys, Dallas cowboy players, The dallas cowboys, Dallas Cowboys Quarterbacks (id: 272, score: 0.06019029233314948)
   > Top 7: Around the World in 80 Days (2004 film), Around the World in 80 Days (2004 movie) (id: 73, score: 0.059569773855488145)
   > Top 8: Treasure Planet, Rls legacy, Morph (Disney character) (id: 129, score: 0.05591560948703806)
   > Top 9: 61st Academy Awards, 61st Annual Academy Awards, 61st Academy Awards nominees and winners, 61th Academy Awards (id: 21, score: 0.05563982349696636)
   > Top 10: Tom Hanks, Hanks, Tom, Chet Haze, Sandra Hanks Benoiton, Tom Hank, Tom Hanks filmography, Chet Hanks, Thomas Jeffrey Hanks, Thomas Hanks, Tom hanks, Samantha Lewes (id: 367, score: 0.055295091009376726)
Cluster 2:
 > 4069 items in total
 > Ranks:
   > Top 1: Unknown (id: 1197, score: 0.010273028130170989)
   > Top 2: BAFTA Award for Best Film, BAFTA Award for Best British Film, Alexander Korda Award for Best British Film, BAFTA Award for Best Film not in the English Language, BAFTA Award for Best Picture, BAFTA Award for Best Foreign Language Film, BAFTA Award for Best Film Not in the English Language, BAFTA Award for Best Film from any Source, Bafta award for best film, Best Film Not in the English Language (id: 112, score: 0.008894098179812467)
   > Top 3: New York Yankees, NY Yankees, The New York Yankees, New York baseball team, New york yankees, New York Yankees (sports), Yankees, New York Yankees Roster, Baltimore Orioles (1901-1902), New York Baseball, New York Yankee, The Yankees, New York Baseball team, Baltimore Orioles (1901-02), New York Yankees roster, New York Highlanders, Ny yankees, New York Yankee's, Yankees Suck, Bronx Bombers, NEW YORK YANKEES, Yankees Roster, NYY, The Bronx Bombers, Nyy, N.Y. Yankees (id: 1432, score: 0.008066740209597353)
   > Top 4: Grammy Award for Best Country Instrumental Performance, Grammy Award for Best Country Instrumental (id: 232, score: 0.007790954219525649)
   > Top 5: In Bruges, In bruges, In Bruges (film) (id: 1255, score: 0.00758411472697187)
   > Top 6: Herbert Hoover, President Herbert Hoover, President Hoover, Presidency of Herbert Hoover, Herbert C. Hoover, Hoover, Herbert Clark, 31st President of the United States, Herbert Clark Hoover, Hoover Administration (id: 3354, score: 0.007446221731936018)
   > Top 7: Denver Nuggets, Colorado nuggets, Denver nuggetts, Denver Larks, Denver Rockets, Denver nuggets, Jonathon Herrera (id: 519, score: 0.00723938223938224)
   > Top 8: Anthony Hopkins, Anthony hopkins, Sir Anthony Hopkins, Hopkins, Anthony, Hopkins, Sir Anthony (id: 326, score: 0.007170435741864314)
   > Top 9: Tim Bevan (id: 3309, score: 0.007170435741864314)
   > Top 10: Meg Ryan, Margrit Emily Mary Hyra, Margrit Hyra, Margrit Emily Hyra, Kathryn Sedgwick, Margaret Emily Mary Hyra, Margaret Mary Hyra, Margrit Mary Hyra, Margaret Mary Emily Hyra, Margaret Emily Hyra, Megan ryan, Margaret Mary Emily Anne Hyra, Margrit Mary Emily Hyra, Margaret Hyra (id: 2824, score: 0.007101489244346388)
Cluster 3:
 > 3098 items in total
 > Ranks:
   > Top 1: American History X, White man marches on, Daniel Vinyard, Danny Vinyard, Derek Vinyard, American history x, AHX, Historyx.com, Cameron Alexander (id: 5, score: 0.4126447876447877)
   > Top 2: Philadelphia (film), Philadelphia (movie) (id: 15, score: 0.24903474903474906)
   > Top 3: Quest for Fire (film), La Guerre du Feu (film) (id: 157, score: 0.20628792057363488)
   > Top 4: Portugal, Portunga, पुर्तगाल, पोर्तुगाल, Phû-tô-gâ, Pertual, An Phortaingeil, Portuguese Republic, República Portuguesa, Portugalska, An Phortaingéil, Republic of Portugal, פורטוגל, Republica Portuguesa, Portegal, Portugali, پورتۇگالىيە, Portugalija, O Papagaio, पोर्चुगल, Portogalo, Bo Dao Nha, Bồ Đào Nha, Партугалія, Portugāle, Portugál, Portugale, Portugalsko, პორტუგალია, Portugaleje, 葡萄牙, Portogallo, Portugual, Portugalėjė, Portugallu, Португалија, Portugul, Portgual, Portugalujo, போர்த்துகல், برتغال, Portyngal, Португалия, Portogało, پرتغال, Πορτογαλία, Portugall, Portugaul, Pōtītī, Potiti, Pòtigal, Portekîz, Portûnga, สาธารณรัฐโปรตุเกส, Yn Phortiugal, Португали, Портуґалія, ISO 3166-1:PT, Potigal, ポルトガル, Portekiz, פארטוגאל, Emplastro, Portúgal, Portugalio, Phu-to-ga, Portiwgal, Portuga (id: 27, score: 0.1942222835079978)
   > Top 5: Synthesizer, Synthesizer (music), Appregiator, Synthesizer bass, Synths, Arpeggiator, Patch (synthesizer), Pad (music), Volume envelope, Musical synthesis, Music synthesizer, Bezier synthesis, Bass guitar synthesizer, ADSR envelope, Arpegiator, Attack-decay-sustain-release envelope, Envelope modulation, Synthesizer (musical instrument), Synthesis (music), Keyboard Synthesizer, Synth, Synthy, Fingerboard synthesizer, Synt, Synth pad, Sound synthesis, Bass synthesizer, Synthesizer patch, Synthethizer, Synth bass, Ribbon controller, Envelope generator, Adsr envelope, Attack (music), Synthesizers, Synthesiser, Bass synth, Keyboard synthesizer, Bass guitar synth, Synthesisers, Synthesizer demo, Musical synthesizer, Audio synthesis (id: 139, score: 0.10266133480419196)
   > Top 6: The West Wing, The West Wing (TV), West Wing (TV Series), The West Wing (television series), The West Wing (TV series), West wing (TV series), Equatorial Kundu, The West Wing (tv series), The west wing (tv series), 1998 presidential election (west wing), The West Wing (television), Q'umar, Qumar, West Wing (television), West Wing, The, The West Wing (TV Series), The west wing (tv), The West Wing (TV show), West Wing (TV series), West Wing (TV show), West wing (tv), Kuhndu, West Wing (television show), San Andreo (id: 228, score: 0.0610176503033646)
   > Top 7: The Aristocrats (film), Too soon (id: 303, score: 0.05460562603419747)
   > Top 8: 1904 Summer Olympics, Games of the III Olympiad, 1904 St. Louis Olympics, 1904 Olympics, St. Louis 1904, 1904 Olympic Games, 1904 (St Louis), The 1904 Olympics, The 1904 Summer Olympics (id: 246, score: 0.05329564258135687)
   > Top 9: Record producer, Music Producer, Record Producer, Music production (disambiguation), Producer (music), Sound arranger, Music producer, Musical producer, Musical production, Record coproducer, Record producers, Record co-producer, Music Production, Record production, Record Producers, Music production, Production (music), Album producer, Music production (music industry), Musical Producer (id: 60, score: 0.051434087148372866)
   > Top 10: The Hangover (film), What do tigers dream of when they take a little tiger snooze?, The hangover film, The Hangover 2(film), The Hangover (movie), Very bad trip, Hangover (movie), Hangover (film), The Hangover (2009 film) (id: 428, score: 0.049641478212906785)
