Cluster 0:
 > 4156 items in total
 > Ranks:
   > Top 1: MTV Movie Award for Best On-Screen Duo, MTV Movie Award for Best On-Screen Team (id: 285, score: 0.20628792057363488)
   > Top 2: Unknown (id: 1219, score: 0.010273028130170989)
   > Top 3: Thomas Little (id: 114, score: 0.008894098179812467)
   > Top 4: La Jolla, La Jolla, San Diego, California, 92037, La Jolla, San Diego, La Jolla, California, La Jolla, CA, Jolla, La Jolla, San Diego, CA, LaJolla, California (id: 1458, score: 0.008066740209597353)
   > Top 5: Unknown (id: 234, score: 0.007790954219525649)
   > Top 6: Galaxy Quest, Thermian, Jason Nesmith (Galaxy Quest), NSEA Protector, GalaxyQuest, Omega 13 device, General Sarris, Thermians, Guy Fleegman (id: 1279, score: 0.00758411472697187)
   > Top 7: Forest Lawn Memorial Park, Glendale, Wee Kirk o’ the Heather, Forest Lawn, Glendale, The Wee Kirk o’ the Heather, Forest Lawn Memorial Park (Glendale), Forest Lawn Glendale (id: 3428, score: 0.007446221731936018)
   > Top 8: Taekwondo, TKD, Tae kwon do, Tae kwondo, Taegwondo, History of taekwondo, Kyup, Taekwon-Do, Punch (Taekwondo), Taiquando, 태권도, Tkd, Taekwondo history, Tae kown do, T'aekwŏndo, Tae kwon doe, テコンドー, TaeKwonDoe, Tai kwon do, Gong Soo, WTF Taekwondo, Taekwondoe, Torann Mazeroi, Punch(Taekwondo), History of tkd, Taikwon dou, T'aekwondo, TaeKwonDo, TaekWon Do, Sport Taekwondo, History of Taekwondo, Tae kwando, Tae-Kwon-Do, Taikwondo, ITF Taekwondo, TaekWon do, Taekwando, 跆拳道, Tae kwon-do, Tae Kwon-Do, Tae-Kwon-Do., Thyakwento, Taikwon do, Korean Karate, Tae-kwon-do, Tae kwan do, Taekwon-do, Tae Kwan Do, Tai kwan do, Kyrugi, Taekwon do, Kyorugi, Gong Soo Do, Tai quan do, Taequando, Tae kune do (id: 526, score: 0.00723938223938224)
   > Top 9: Poland, Polnd, Polija, Pologne, Rzeczpospolita Polska, Poleand, Poland., ISO 3166-1:PL, Polska, National symbols of Poland, Republic of Poland, POLAND, Ploand, Symbols of Poland, Polish state, Country- Poland, Fourth Poland, Third Republic of Poland, Architecture of Poland, Polland, Lenkija, Polskor (id: 331, score: 0.007170435741864314)
   > Top 10: Mary Tyler Moore, Mary Tyler More, Mary Tyler-Moore (id: 3383, score: 0.007170435741864314)
Cluster 1:
 > 8528 items in total
 > Ranks:
   > Top 1: Danny DeVito, Danny deVito, Danny Devito, Danny DeVito filmography, Danny de Vito, Daniel Michael DeVito, Danny De Vito, Louie De Palma (id: 16, score: 0.4126447876447877)
   > Top 2: Catherine Keener (id: 30, score: 0.24903474903474906)
   > Top 3: Argentina, Argentinie, People of Argintina, Nacion Argentina, Արգենտինա, Argintina, Argentinean, Argentinan, Argentine Republic, الأرجنتين, Argjentina, Airgintin, Arxintina, Areuhentina, Argentina Information, Nación Argentina, Аргентина, Arghantina, Argentína, אַרגענטינע, Аржентина, 아르헨티나, Arjantin, Argentine republic, Airgintín, Argentinian, არგენტინა, Aruhentina, Argies, República Argentina, Land of silver, अर्जेन्टीना, Argentīna, Argentinien, Argentinia, Ariannin, Αργεντινή, Republica Argentina, Republic of Argentina, આર્જંટિના, Argentyna, 阿根廷, ประเทศอาร์เจนตินา, アルゼンチン, ארגנטינה, آرژانتین, Arc'hantina, Аргентына, Argentiina, ISO 3166-1:AR, Argentinië, Argentine, 亜爾然丁, Arxentina (id: 68, score: 0.2018753447324876)
   > Top 4: Theatrical producer, Theatre producer, Theater producer (id: 42, score: 0.1942222835079978)
   > Top 5: Golden Raspberry Award for Worst Supporting Actress, Razzie Award for Worst Supporting Actress (id: 77, score: 0.1783645890788748)
   > Top 6: The Hangover (film), What do tigers dream of when they take a little tiger snooze?, The hangover film, The Hangover 2(film), The Hangover (movie), Very bad trip, Hangover (movie), Hangover (film), The Hangover (2009 film) (id: 428, score: 0.15664644236072808)
   > Top 7: Sailor Moon R: The Movie, Kisenian Blossom, Make Up! Sailor Senshi, Sailor Moon: Make Up!Sailor senshi, Kisenian, Xenian, R movie, Sailor Moon R (film), Sailor Moon R the Movie: Promise of the Rose, The Promise Of The Rose, Sailor Moon R movie, Kisenian Flower (id: 195, score: 0.10266133480419196)
   > Top 8: Star Trek Nemesis, Battle of the Bassen Rift, USS Titan (ship), Star Trek X, Star Trek: Nemesis, Star Trek:Nemisis, Star Trek X: Nemesis, Star Trek 10, Bassen Rift, The Bassen Rift, Reman warbird Scimitar, Star Trek:Nemesis, Scimitar (Star Trek), ST X, Donatra (id: 13, score: 0.09183673469387756)
   > Top 9: Wendee Lee, Elyse Floyd (id: 3, score: 0.07639271924986211)
   > Top 10: Jamaica, Jamaica (the country), Jamiaca, Jamica, Xamayca, ISO 3166-1:JM, Jamaca, Jamrock, Jamaican, America/Jamaica, Jamaica, the Nation, Jm, Jamacian, Lambsriver, Westmoreland, Jamaica, Xaymaca, Jameca, Jamaicans (id: 301, score: 0.0610176503033646)
Cluster 2:
 > 1857 items in total
 > Ranks:
   > Top 1: Alfre Woodard (id: 1155, score: 0.008963044677330393)
   > Top 2: Peter Morgan, Peter Morgan (screenwriter) (id: 248, score: 0.008549365692222836)
   > Top 3: Oregon, Oregon, USA, US-OR, 33rd State, Oregon (U.S. state), Demographics of Oregon, The Beaver State, Oregón, Ore., Oregon (state), Oregon (State), Regions of Oregon, Oregon, United States, Education in Oregon, Sports in Oregon, Oregon's, State of Oregon, Geography of Oregon, Oregroun (id: 580, score: 0.008273579702151132)
   > Top 4: Michael Brecker, Michael Leonard Brecker (id: 359, score: 0.00758411472697187)
   > Top 5: Blazing Saddles, Blazing Saddles (movie), Hedley Lamarr, Waco Kid, French Mistake, Lily von Shtupp, The Waco Kid, Blazing Saddles (film) (id: 1029, score: 0.007515168229453945)
   > Top 6: Jamaica, Jamaica (the country), Jamiaca, Jamica, Xamayca, ISO 3166-1:JM, Jamaca, Jamrock, Jamaican, America/Jamaica, Jamaica, the Nation, Jm, Jamacian, Lambsriver, Westmoreland, Jamaica, Xaymaca, Jameca, Jamaicans (id: 301, score: 0.0073772752344180926)
   > Top 7: William Howard Taft, WH Taft, Justice Taft, Taft Administration, Howard TaFt, William Taft, W.H. Taft, William H Taft, W H Taft, President Taft, Chief Justice Taft, Willliam H. Taft, Big Bill Taft, W. H. Taft, Billy Possum, Big Fat William Taft, 27th President of the United States, Howard Taft, HoWard Taft, Taft (president), Willliam Howard Taft, William H. Taft, Presidency of William Howard Taft, HoWard TaFt (id: 1701, score: 0.0073772752344180926)
   > Top 8: Chief financial officer, The chief financial officer, Finance Director, Finance director, The chief financial officer (CFO), Chief financial officer (CFO), Cfo, Chief financial officers, Chief financial and operating officer, CFO, CFOO, Chief Financial and Operating Officer, Chief Financial Officer, Chief Accounting Officer, Chief accounting officer, Chief Financial Officers (id: 1296, score: 0.007170435741864314)
   > Top 9: Primetime Emmy Award for Outstanding Supporting Actor in a Drama Series, Primetime Emmy Award for Outstanding Supporting Actor - Drama Series, Primetime Emmy Award for Outstanding Supporting Actor – Drama Series (id: 631, score: 0.006963596249310536)
   > Top 10: Southern rock, Southern Metal, Southern Rock, Southern-rock, Southern metal, Southern boogie (id: 354, score: 0.006963596249310536)
